16421:14.12.2023 23:54:$S: ptrace is afixed
16421:14.12.2023 23:54:$S: ptrace set options
16421:14.12.2023 23:54:$S: restart_syscall code=219
16421:14.12.2023 23:54:$S: restart_syscall code=219
16421:14.12.2023 23:54:$S: openat code=257
16421:14.12.2023 23:54:$S: openat code=257
16421:14.12.2023 23:54:$S: read code=0
16421:14.12.2023 23:54:$S: read code=0
16421:14.12.2023 23:54:$S: read code=0
16421:14.12.2023 23:54:$S: read code=0
16421:14.12.2023 23:54:$S: close code=3
16421:14.12.2023 23:54:$S: close code=3
16421:14.12.2023 23:54:$S: recvmsg code=47
16421:14.12.2023 23:54:$S: recvmsg code=47
16421:14.12.2023 23:54:$S: poll code=7
16421:14.12.2023 23:54:$S: poll code=7
16421:14.12.2023 23:54:$S: recvmsg code=47
16421:14.12.2023 23:54:$S: recvmsg code=47
16421:14.12.2023 23:54:$S: poll code=7
16421:14.12.2023 23:54:$S: poll code=7
16421:14.12.2023 23:54:$S: recvmsg code=47
16421:14.12.2023 23:54:$S: recvmsg code=47
16421:14.12.2023 23:54:$S: poll code=7
16421:14.12.2023 23:54:$S: poll code=7
16421:14.12.2023 23:54:$S: recvmsg code=47
16421:14.12.2023 23:54:$S: recvmsg code=47
16421:14.12.2023 23:54:$S: poll code=7
16421:14.12.2023 23:54:$S: poll code=7
16421:14.12.2023 23:54:$S: madvise code=28
16421:14.12.2023 23:54:$S: madvise code=28
16421:14.12.2023 23:54:$S: madvise code=28
16421:14.12.2023 23:54:$S: madvise code=28
16421:14.12.2023 23:54:$S: madvise code=28
16421:14.12.2023 23:54:$S: madvise code=28
16421:14.12.2023 23:54:$S: madvise code=28
16421:14.12.2023 23:54:$S: madvise code=28
16421:14.12.2023 23:54:$S: madvise code=28
16421:14.12.2023 23:54:$S: madvise code=28
16421:14.12.2023 23:54:$S: madvise code=28
16421:14.12.2023 23:54:$S: madvise code=28
16421:14.12.2023 23:54:$S: madvise code=28
16421:14.12.2023 23:54:$S: madvise code=28
16421:14.12.2023 23:54:$S: madvise code=28
16421:14.12.2023 23:54:$S: madvise code=28
16421:14.12.2023 23:54:$S: madvise code=28
16421:14.12.2023 23:54:$S: madvise code=28
16421:14.12.2023 23:54:$S: madvise code=28
16421:14.12.2023 23:54:$S: madvise code=28
16421:14.12.2023 23:54:$S: madvise code=28
16421:14.12.2023 23:54:$S: madvise code=28
16421:14.12.2023 23:54:$S: madvise code=28
16421:14.12.2023 23:54:$S: madvise code=28
16421:14.12.2023 23:54:$S: madvise code=28
16421:14.12.2023 23:54:$S: madvise code=28
16421:14.12.2023 23:54:$S: madvise code=28
16421:14.12.2023 23:54:$S: madvise code=28
16421:14.12.2023 23:54:$S: futex code=202
16421:14.12.2023 23:54:$S: futex code=202
16421:14.12.2023 23:54:$S: madvise code=28
16421:14.12.2023 23:54:$S: madvise code=28
16421:14.12.2023 23:54:$S: recvmsg code=47
16421:14.12.2023 23:54:$S: recvmsg code=47
16421:14.12.2023 23:54:$S: poll code=7
16421:14.12.2023 23:54:$S: poll code=7
16421:14.12.2023 23:54:$S: recvmsg code=47
16421:14.12.2023 23:54:$S: recvmsg code=47
16421:14.12.2023 23:54:$S: poll code=7
16421:14.12.2023 23:54:$S: poll code=7
16421:14.12.2023 23:54:$S: openat code=257
16421:14.12.2023 23:54:$S: openat code=257
16421:14.12.2023 23:54:$S: fstat code=5
16421:14.12.2023 23:54:$S: fstat code=5
16421:14.12.2023 23:54:$S: lseek code=8
16421:14.12.2023 23:54:$S: lseek code=8
16421:14.12.2023 23:54:$S: fstat code=5
16421:14.12.2023 23:54:$S: fstat code=5
16421:14.12.2023 23:54:$S: read code=0
16421:14.12.2023 23:54:$S: read code=0
16421:14.12.2023 23:54:$S: read code=0
16421:14.12.2023 23:54:$S: read code=0
16421:14.12.2023 23:54:$S: close code=3
16421:14.12.2023 23:54:$S: close code=3
16421:14.12.2023 23:54:$S: openat code=257
16421:14.12.2023 23:54:$S: openat code=257
16421:14.12.2023 23:54:$S: fstat code=5
16421:14.12.2023 23:54:$S: fstat code=5
16421:14.12.2023 23:54:$S: lseek code=8
16421:14.12.2023 23:54:$S: lseek code=8
16421:14.12.2023 23:54:$S: fstat code=5
16421:14.12.2023 23:54:$S: fstat code=5
16421:14.12.2023 23:54:$S: read code=0
16421:14.12.2023 23:54:$S: read code=0
16421:14.12.2023 23:54:$S: read code=0
16421:14.12.2023 23:54:$S: read code=0
16421:14.12.2023 23:54:$S: close code=3
16421:14.12.2023 23:54:$S: close code=3
16421:14.12.2023 23:54:$S: openat code=257
16421:14.12.2023 23:54:$S: openat code=257
16421:14.12.2023 23:54:$S: fstat code=5
16421:14.12.2023 23:54:$S: fstat code=5
16421:14.12.2023 23:54:$S: lseek code=8
16421:14.12.2023 23:54:$S: lseek code=8
16421:14.12.2023 23:54:$S: fstat code=5
16421:14.12.2023 23:54:$S: fstat code=5
16421:14.12.2023 23:54:$S: read code=0
16421:14.12.2023 23:54:$S: read code=0
16421:14.12.2023 23:54:$S: read code=0
16421:14.12.2023 23:54:$S: read code=0
16421:14.12.2023 23:54:$S: close code=3
16421:14.12.2023 23:54:$S: close code=3
16421:14.12.2023 23:54:$S: openat code=257
16421:14.12.2023 23:54:$S: openat code=257
16421:14.12.2023 23:54:$S: fstat code=5
16421:14.12.2023 23:54:$S: fstat code=5
16421:14.12.2023 23:54:$S: lseek code=8
16421:14.12.2023 23:54:$S: lseek code=8
16421:14.12.2023 23:54:$S: fstat code=5
16421:14.12.2023 23:54:$S: fstat code=5
16421:14.12.2023 23:54:$S: read code=0
16421:14.12.2023 23:54:$S: read code=0
16421:14.12.2023 23:54:$S: read code=0
16421:14.12.2023 23:54:$S: read code=0
16421:14.12.2023 23:54:$S: close code=3
16421:14.12.2023 23:54:$S: close code=3
16421:14.12.2023 23:54:$S: openat code=257
16421:14.12.2023 23:54:$S: openat code=257
16421:14.12.2023 23:54:$S: fstat code=5
16421:14.12.2023 23:54:$S: fstat code=5
16421:14.12.2023 23:54:$S: lseek code=8
16421:14.12.2023 23:54:$S: lseek code=8
16421:14.12.2023 23:54:$S: fstat code=5
16421:14.12.2023 23:54:$S: fstat code=5
16421:14.12.2023 23:54:$S: read code=0
16421:14.12.2023 23:54:$S: read code=0
16421:14.12.2023 23:54:$S: read code=0
16421:14.12.2023 23:54:$S: read code=0
16421:14.12.2023 23:54:$S: close code=3
16421:14.12.2023 23:54:$S: close code=3
16421:14.12.2023 23:54:$S: openat code=257
16421:14.12.2023 23:54:$S: openat code=257
16421:14.12.2023 23:54:$S: fstat code=5
16421:14.12.2023 23:54:$S: fstat code=5
16421:14.12.2023 23:54:$S: lseek code=8
16421:14.12.2023 23:54:$S: lseek code=8
16421:14.12.2023 23:54:$S: fstat code=5
16421:14.12.2023 23:54:$S: fstat code=5
16421:14.12.2023 23:54:$S: read code=0
16421:14.12.2023 23:54:$S: read code=0
16421:14.12.2023 23:54:$S: read code=0
16421:14.12.2023 23:54:$S: read code=0
16421:14.12.2023 23:54:$S: close code=3
16421:14.12.2023 23:54:$S: close code=3
16421:14.12.2023 23:54:$S: openat code=257
16421:14.12.2023 23:54:$S: openat code=257
16421:14.12.2023 23:54:$S: fstat code=5
16421:14.12.2023 23:54:$S: fstat code=5
16421:14.12.2023 23:54:$S: lseek code=8
16421:14.12.2023 23:54:$S: lseek code=8
16421:14.12.2023 23:54:$S: fstat code=5
16421:14.12.2023 23:54:$S: fstat code=5
16421:14.12.2023 23:54:$S: read code=0
16421:14.12.2023 23:54:$S: read code=0
16421:14.12.2023 23:54:$S: read code=0
16421:14.12.2023 23:54:$S: read code=0
16421:14.12.2023 23:54:$S: close code=3
16421:14.12.2023 23:54:$S: close code=3
16421:14.12.2023 23:54:$S: openat code=257
16421:14.12.2023 23:54:$S: openat code=257
16421:14.12.2023 23:54:$S: fstat code=5
16421:14.12.2023 23:54:$S: fstat code=5
16421:14.12.2023 23:54:$S: lseek code=8
16421:14.12.2023 23:54:$S: lseek code=8
16421:14.12.2023 23:54:$S: fstat code=5
16421:14.12.2023 23:54:$S: fstat code=5
16421:14.12.2023 23:54:$S: read code=0
16421:14.12.2023 23:54:$S: read code=0
16421:14.12.2023 23:54:$S: read code=0
16421:14.12.2023 23:54:$S: read code=0
16421:14.12.2023 23:54:$S: close code=3
16421:14.12.2023 23:54:$S: close code=3
16421:14.12.2023 23:54:$S: openat code=257
16421:14.12.2023 23:54:$S: openat code=257
16421:14.12.2023 23:54:$S: fstat code=5
16421:14.12.2023 23:54:$S: fstat code=5
16421:14.12.2023 23:54:$S: lseek code=8
16421:14.12.2023 23:54:$S: lseek code=8
16421:14.12.2023 23:54:$S: fstat code=5
16421:14.12.2023 23:54:$S: fstat code=5
16421:14.12.2023 23:54:$S: read code=0
16421:14.12.2023 23:54:$S: read code=0
16421:14.12.2023 23:54:$S: read code=0
16421:14.12.2023 23:54:$S: read code=0
16421:14.12.2023 23:54:$S: close code=3
16421:14.12.2023 23:54:$S: close code=3
16421:14.12.2023 23:54:$S: openat code=257
16421:14.12.2023 23:54:$S: openat code=257
16421:14.12.2023 23:54:$S: fstat code=5
16421:14.12.2023 23:54:$S: fstat code=5
16421:14.12.2023 23:54:$S: lseek code=8
16421:14.12.2023 23:54:$S: lseek code=8
16421:14.12.2023 23:54:$S: fstat code=5
16421:14.12.2023 23:54:$S: fstat code=5
16421:14.12.2023 23:54:$S: read code=0
16421:14.12.2023 23:54:$S: read code=0
16421:14.12.2023 23:54:$S: read code=0
16421:14.12.2023 23:54:$S: read code=0
16421:14.12.2023 23:54:$S: close code=3
16421:14.12.2023 23:54:$S: close code=3
16421:14.12.2023 23:54:$S: openat code=257
16421:14.12.2023 23:54:$S: openat code=257
16421:14.12.2023 23:54:$S: fstat code=5
16421:14.12.2023 23:54:$S: fstat code=5
16421:14.12.2023 23:54:$S: lseek code=8
16421:14.12.2023 23:54:$S: lseek code=8
16421:14.12.2023 23:54:$S: fstat code=5
16421:14.12.2023 23:54:$S: fstat code=5
16421:14.12.2023 23:54:$S: read code=0
16421:14.12.2023 23:54:$S: read code=0
16421:14.12.2023 23:54:$S: read code=0
16421:14.12.2023 23:54:$S: read code=0
16421:14.12.2023 23:54:$S: close code=3
16421:14.12.2023 23:54:$S: close code=3
16421:14.12.2023 23:54:$S: openat code=257
16421:14.12.2023 23:54:$S: openat code=257
16421:14.12.2023 23:54:$S: fstat code=5
16421:14.12.2023 23:54:$S: fstat code=5
16421:14.12.2023 23:54:$S: lseek code=8
16421:14.12.2023 23:54:$S: lseek code=8
16421:14.12.2023 23:54:$S: fstat code=5
16421:14.12.2023 23:54:$S: fstat code=5
16421:14.12.2023 23:54:$S: read code=0
16421:14.12.2023 23:54:$S: read code=0
16421:14.12.2023 23:54:$S: read code=0
16421:14.12.2023 23:54:$S: read code=0
16421:14.12.2023 23:54:$S: close code=3
16421:14.12.2023 23:54:$S: close code=3
16421:14.12.2023 23:54:$S: recvmsg code=47
16421:14.12.2023 23:54:$S: recvmsg code=47
16421:14.12.2023 23:54:$S: poll code=7
16421:14.12.2023 23:54:$S: poll code=7
16421:14.12.2023 23:54:$S: recvmsg code=47
16421:14.12.2023 23:54:$S: recvmsg code=47
16421:14.12.2023 23:54:$S: poll code=7
16421:14.12.2023 23:54:$S: poll code=7
16421:14.12.2023 23:54:$S: recvmsg code=47
16421:14.12.2023 23:54:$S: recvmsg code=47
16421:14.12.2023 23:54:$S: poll code=7
16421:14.12.2023 23:54:$S: poll code=7
16421:14.12.2023 23:54:$S: recvmsg code=47
16421:14.12.2023 23:54:$S: recvmsg code=47
16421:14.12.2023 23:54:$S: poll code=7
16421:14.12.2023 23:54:$S: poll code=7
16421:14.12.2023 23:54:$S: read code=0
16421:14.12.2023 23:54:$S: read code=0
16421:14.12.2023 23:54:$S: write code=1
16421:14.12.2023 23:54:$S: write code=1
16421:14.12.2023 23:54:$S: write code=1
16421:14.12.2023 23:54:$S: write code=1
16421:14.12.2023 23:54:$S: recvmsg code=47
16421:14.12.2023 23:54:$S: recvmsg code=47
16421:14.12.2023 23:54:$S: poll code=7
16421:14.12.2023 23:54:$S: poll code=7
16421:14.12.2023 23:54:$S: recvmsg code=47
16421:14.12.2023 23:54:$S: recvmsg code=47
16421:14.12.2023 23:54:$S: poll code=7
16421:14.12.2023 23:54:$S: poll code=7
16421:14.12.2023 23:54:$S: read code=0
16421:14.12.2023 23:54:$S: read code=0
16421:14.12.2023 23:54:$S: write code=1
16421:14.12.2023 23:54:$S: write code=1
16421:14.12.2023 23:54:$S: recvmsg code=47
16421:14.12.2023 23:54:$S: recvmsg code=47
16421:14.12.2023 23:54:$S: poll code=7
16421:14.12.2023 23:54:$S: poll code=7
16421:14.12.2023 23:54:$S: recvmsg code=47
16421:14.12.2023 23:54:$S: recvmsg code=47
16421:14.12.2023 23:54:$S: poll code=7
16421:14.12.2023 23:54:$S: poll code=7
16421:14.12.2023 23:54:$S: recvmsg code=47
16421:14.12.2023 23:54:$S: recvmsg code=47
16421:14.12.2023 23:54:$S: poll code=7
16421:14.12.2023 23:54:$S: poll code=7
16421:14.12.2023 23:54:$S: recvmsg code=47
16421:14.12.2023 23:54:$S: recvmsg code=47
16421:14.12.2023 23:54:$S: poll code=7
16421:14.12.2023 23:54:$S: poll code=7
16421:14.12.2023 23:54:$S: read code=0
16421:14.12.2023 23:54:$S: read code=0
16421:14.12.2023 23:54:$S: write code=1
16421:14.12.2023 23:54:$S: write code=1
16421:14.12.2023 23:54:$S: recvmsg code=47
16421:14.12.2023 23:54:$S: recvmsg code=47
16421:14.12.2023 23:54:$S: poll code=7
16421:14.12.2023 23:54:$S: poll code=7
16421:14.12.2023 23:54:$S: recvmsg code=47
16421:14.12.2023 23:54:$S: recvmsg code=47
16421:14.12.2023 23:54:$S: poll code=7
16421:14.12.2023 23:54:$S: poll code=7
16421:14.12.2023 23:54:$S: read code=0
16421:14.12.2023 23:54:$S: read code=0
16421:14.12.2023 23:54:$S: sendto code=44
16421:14.12.2023 23:54:$S: sendto code=44
16421:14.12.2023 23:54:$S: recvmsg code=47
16421:14.12.2023 23:54:$S: recvmsg code=47
16421:14.12.2023 23:54:$S: poll code=7
16421:14.12.2023 23:54:$S: poll code=7
16421:14.12.2023 23:54:$S: read code=0
16421:14.12.2023 23:54:$S: read code=0
16421:14.12.2023 23:54:$S: write code=1
16421:14.12.2023 23:54:$S: write code=1
16421:14.12.2023 23:54:$S: recvmsg code=47
16421:14.12.2023 23:54:$S: recvmsg code=47
16421:14.12.2023 23:54:$S: poll code=7
16421:14.12.2023 23:54:$S: poll code=7
16421:14.12.2023 23:54:$S: recvmsg code=47
16421:14.12.2023 23:54:$S: recvmsg code=47
16421:14.12.2023 23:54:$S: poll code=7
16421:14.12.2023 23:54:$S: poll code=7
16421:14.12.2023 23:54:$S: read code=0
16421:14.12.2023 23:54:$S: read code=0
16421:14.12.2023 23:54:$S: write code=1
16421:14.12.2023 23:54:$S: write code=1
16421:14.12.2023 23:54:$S: recvmsg code=47
16421:14.12.2023 23:54:$S: recvmsg code=47
16421:14.12.2023 23:54:$S: poll code=7
16421:14.12.2023 23:54:$S: poll code=7
16421:14.12.2023 23:54:$S: recvmsg code=47
16421:14.12.2023 23:54:$S: recvmsg code=47
16421:14.12.2023 23:54:$S: poll code=7
16421:14.12.2023 23:54:$S: poll code=7
16421:14.12.2023 23:54:$S: read code=0
16421:14.12.2023 23:54:$S: read code=0
16421:14.12.2023 23:54:$S: write code=1
16421:14.12.2023 23:54:$S: write code=1
16421:14.12.2023 23:54:$S: recvmsg code=47
16421:14.12.2023 23:54:$S: recvmsg code=47
16421:14.12.2023 23:54:$S: poll code=7
16421:14.12.2023 23:54:$S: poll code=7
16421:14.12.2023 23:54:$S: recvmsg code=47
16421:14.12.2023 23:54:$S: recvmsg code=47
16421:14.12.2023 23:54:$S: poll code=7
16421:14.12.2023 23:54:$S: poll code=7
16421:14.12.2023 23:54:$S: madvise code=28
16421:14.12.2023 23:54:$S: madvise code=28
16421:14.12.2023 23:54:$S: madvise code=28
16421:14.12.2023 23:54:$S: madvise code=28
16421:14.12.2023 23:54:$S: madvise code=28
16421:14.12.2023 23:54:$S: madvise code=28
16421:14.12.2023 23:54:$S: madvise code=28
16421:14.12.2023 23:54:$S: madvise code=28
16421:14.12.2023 23:54:$S: madvise code=28
16421:14.12.2023 23:54:$S: madvise code=28
16421:14.12.2023 23:54:$S: madvise code=28
16421:14.12.2023 23:54:$S: madvise code=28
16421:14.12.2023 23:54:$S: madvise code=28
16421:14.12.2023 23:54:$S: madvise code=28
16421:14.12.2023 23:54:$S: madvise code=28
16421:14.12.2023 23:54:$S: madvise code=28
16421:14.12.2023 23:54:$S: madvise code=28
16421:14.12.2023 23:54:$S: madvise code=28
16421:14.12.2023 23:54:$S: madvise code=28
16421:14.12.2023 23:54:$S: madvise code=28
16421:14.12.2023 23:54:$S: madvise code=28
16421:14.12.2023 23:54:$S: madvise code=28
16421:14.12.2023 23:54:$S: madvise code=28
16421:14.12.2023 23:54:$S: madvise code=28
16421:14.12.2023 23:54:$S: madvise code=28
16421:14.12.2023 23:54:$S: madvise code=28
16421:14.12.2023 23:54:$S: madvise code=28
16421:14.12.2023 23:54:$S: madvise code=28
16421:14.12.2023 23:54:$S: madvise code=28
16421:14.12.2023 23:54:$S: madvise code=28
16421:14.12.2023 23:54:$S: recvmsg code=47
16421:14.12.2023 23:54:$S: recvmsg code=47
16421:14.12.2023 23:54:$S: poll code=7
16421:14.12.2023 23:54:$S: poll code=7
16421:14.12.2023 23:54:$S: recvmsg code=47
16421:14.12.2023 23:54:$S: recvmsg code=47
16421:14.12.2023 23:54:$S: poll code=7
16421:14.12.2023 23:54:$S: poll code=7
16421:14.12.2023 23:54:$S: read code=0
16421:14.12.2023 23:54:$S: read code=0
16421:14.12.2023 23:54:$S: write code=1
16421:14.12.2023 23:54:$S: write code=1
16421:14.12.2023 23:54:$S: write code=1
16421:14.12.2023 23:54:$S: write code=1
16421:14.12.2023 23:54:$S: recvmsg code=47
16421:14.12.2023 23:54:$S: recvmsg code=47
16421:14.12.2023 23:54:$S: poll code=7
16421:14.12.2023 23:54:$S: poll code=7
16421:14.12.2023 23:54:$S: recvmsg code=47
16421:14.12.2023 23:54:$S: recvmsg code=47
16421:14.12.2023 23:54:$S: poll code=7
16421:14.12.2023 23:54:$S: poll code=7
16421:14.12.2023 23:54:$S: read code=0
16421:14.12.2023 23:54:$S: read code=0
16421:14.12.2023 23:54:$S: write code=1
16421:14.12.2023 23:54:$S: write code=1
16421:14.12.2023 23:54:$S: recvmsg code=47
16421:14.12.2023 23:54:$S: recvmsg code=47
16421:14.12.2023 23:54:$S: poll code=7
16421:14.12.2023 23:54:$S: poll code=7
16421:14.12.2023 23:54:$S: recvmsg code=47
16421:14.12.2023 23:54:$S: recvmsg code=47
16421:14.12.2023 23:54:$S: poll code=7
16421:14.12.2023 23:54:$S: poll code=7
16421:14.12.2023 23:54:$S: read code=0
16421:14.12.2023 23:54:$S: read code=0
16421:14.12.2023 23:54:$S: write code=1
16421:14.12.2023 23:54:$S: write code=1
16421:14.12.2023 23:54:$S: recvmsg code=47
16421:14.12.2023 23:54:$S: recvmsg code=47
16421:14.12.2023 23:54:$S: poll code=7
16421:14.12.2023 23:54:$S: poll code=7
16421:14.12.2023 23:54:$S: recvmsg code=47
16421:14.12.2023 23:54:$S: recvmsg code=47
16421:14.12.2023 23:54:$S: poll code=7
16421:14.12.2023 23:54:$S: poll code=7
16421:14.12.2023 23:54:$S: read code=0
16421:14.12.2023 23:54:$S: read code=0
16421:14.12.2023 23:54:$S: write code=1
16421:14.12.2023 23:54:$S: write code=1
16421:14.12.2023 23:54:$S: recvmsg code=47
16421:14.12.2023 23:54:$S: recvmsg code=47
16421:14.12.2023 23:54:$S: poll code=7
16421:14.12.2023 23:54:$S: poll code=7
16421:14.12.2023 23:54:$S: recvmsg code=47
16421:14.12.2023 23:54:$S: recvmsg code=47
16421:14.12.2023 23:54:$S: poll code=7
16421:14.12.2023 23:54:$S: poll code=7
16421:14.12.2023 23:54:$S: read code=0
16421:14.12.2023 23:54:$S: read code=0
16421:14.12.2023 23:54:$S: write code=1
16421:14.12.2023 23:54:$S: write code=1
16421:14.12.2023 23:54:$S: recvmsg code=47
16421:14.12.2023 23:54:$S: recvmsg code=47
16421:14.12.2023 23:54:$S: poll code=7
16421:14.12.2023 23:54:$S: poll code=7
16421:14.12.2023 23:54:$S: recvmsg code=47
16421:14.12.2023 23:54:$S: recvmsg code=47
16421:14.12.2023 23:54:$S: poll code=7
16421:14.12.2023 23:54:$S: poll code=7
16421:14.12.2023 23:54:$S: madvise code=28
16421:14.12.2023 23:54:$S: madvise code=28
16421:14.12.2023 23:54:$S: madvise code=28
16421:14.12.2023 23:54:$S: madvise code=28
16421:14.12.2023 23:54:$S: madvise code=28
16421:14.12.2023 23:54:$S: madvise code=28
16421:14.12.2023 23:54:$S: madvise code=28
16421:14.12.2023 23:54:$S: madvise code=28
16421:14.12.2023 23:54:$S: madvise code=28
16421:14.12.2023 23:54:$S: madvise code=28
16421:14.12.2023 23:54:$S: madvise code=28
16421:14.12.2023 23:54:$S: madvise code=28
16421:14.12.2023 23:54:$S: madvise code=28
16421:14.12.2023 23:54:$S: madvise code=28
16421:14.12.2023 23:54:$S: madvise code=28
16421:14.12.2023 23:54:$S: madvise code=28
16421:14.12.2023 23:54:$S: madvise code=28
16421:14.12.2023 23:54:$S: madvise code=28
16421:14.12.2023 23:54:$S: madvise code=28
16421:14.12.2023 23:54:$S: madvise code=28
16421:14.12.2023 23:54:$S: madvise code=28
16421:14.12.2023 23:54:$S: madvise code=28
16421:14.12.2023 23:54:$S: madvise code=28
16421:14.12.2023 23:54:$S: madvise code=28
16421:14.12.2023 23:54:$S: madvise code=28
16421:14.12.2023 23:54:$S: madvise code=28
16421:14.12.2023 23:54:$S: madvise code=28
16421:14.12.2023 23:54:$S: madvise code=28
16421:14.12.2023 23:54:$S: madvise code=28
16421:14.12.2023 23:54:$S: madvise code=28
16421:14.12.2023 23:54:$S: recvmsg code=47
16421:14.12.2023 23:54:$S: recvmsg code=47
16421:14.12.2023 23:54:$S: poll code=7
16421:14.12.2023 23:54:$S: poll code=7
16421:14.12.2023 23:54:$S: recvmsg code=47
16421:14.12.2023 23:54:$S: recvmsg code=47
16421:14.12.2023 23:54:$S: poll code=7
16421:14.12.2023 23:54:$S: poll code=7
16421:14.12.2023 23:54:$S: read code=0
16421:14.12.2023 23:54:$S: read code=0
16421:14.12.2023 23:54:$S: write code=1
16421:14.12.2023 23:54:$S: write code=1
16421:14.12.2023 23:54:$S: recvmsg code=47
16421:14.12.2023 23:54:$S: recvmsg code=47
16421:14.12.2023 23:54:$S: poll code=7
16421:14.12.2023 23:54:$S: poll code=7
16421:14.12.2023 23:54:$S: recvmsg code=47
16421:14.12.2023 23:54:$S: recvmsg code=47
16421:14.12.2023 23:54:$S: poll code=7
16421:14.12.2023 23:54:$S: poll code=7
16421:14.12.2023 23:54:$S: read code=0
16421:14.12.2023 23:54:$S: read code=0
16421:14.12.2023 23:54:$S: write code=1
16421:14.12.2023 23:54:$S: write code=1
16421:14.12.2023 23:54:$S: recvmsg code=47
16421:14.12.2023 23:54:$S: recvmsg code=47
16421:14.12.2023 23:54:$S: poll code=7
16421:14.12.2023 23:54:$S: poll code=7
16421:14.12.2023 23:54:$S: recvmsg code=47
16421:14.12.2023 23:54:$S: recvmsg code=47
16421:14.12.2023 23:54:$S: poll code=7
16421:14.12.2023 23:54:$S: poll code=7
16421:14.12.2023 23:54:$S: read code=0
16421:14.12.2023 23:54:$S: read code=0
16421:14.12.2023 23:54:$S: write code=1
16421:14.12.2023 23:54:$S: write code=1
16421:14.12.2023 23:54:$S: recvmsg code=47
16421:14.12.2023 23:54:$S: recvmsg code=47
16421:14.12.2023 23:54:$S: poll code=7
16421:14.12.2023 23:54:$S: poll code=7
16421:14.12.2023 23:54:$S: recvmsg code=47
16421:14.12.2023 23:54:$S: recvmsg code=47
16421:14.12.2023 23:54:$S: poll code=7
16421:14.12.2023 23:54:$S: poll code=7
16421:14.12.2023 23:54:$S: read code=0
16421:14.12.2023 23:54:$S: read code=0
16421:14.12.2023 23:54:$S: write code=1
16421:14.12.2023 23:54:$S: write code=1
16421:14.12.2023 23:54:$S: recvmsg code=47
16421:14.12.2023 23:54:$S: recvmsg code=47
16421:14.12.2023 23:54:$S: poll code=7
16421:14.12.2023 23:54:$S: poll code=7
16421:14.12.2023 23:54:$S: recvmsg code=47
16421:14.12.2023 23:54:$S: recvmsg code=47
16421:14.12.2023 23:54:$S: poll code=7
16421:14.12.2023 23:54:$S: poll code=7
16421:14.12.2023 23:54:$S: read code=0
16421:14.12.2023 23:54:$S: read code=0
16421:14.12.2023 23:54:$S: write code=1
16421:14.12.2023 23:54:$S: write code=1
16421:14.12.2023 23:54:$S: recvmsg code=47
16421:14.12.2023 23:54:$S: recvmsg code=47
16421:14.12.2023 23:54:$S: poll code=7
16421:14.12.2023 23:54:$S: poll code=7
16421:14.12.2023 23:54:$S: recvmsg code=47
16421:14.12.2023 23:54:$S: recvmsg code=47
16421:14.12.2023 23:54:$S: poll code=7
16421:14.12.2023 23:54:$S: poll code=7
16421:14.12.2023 23:54:$S: read code=0
16421:14.12.2023 23:54:$S: read code=0
16421:14.12.2023 23:54:$S: write code=1
16421:14.12.2023 23:54:$S: write code=1
16421:14.12.2023 23:54:$S: recvmsg code=47
16421:14.12.2023 23:54:$S: recvmsg code=47
16421:14.12.2023 23:54:$S: poll code=7
16421:14.12.2023 23:54:$S: poll code=7
16421:14.12.2023 23:54:$S: recvmsg code=47
16421:14.12.2023 23:54:$S: recvmsg code=47
16421:14.12.2023 23:54:$S: poll code=7
16421:14.12.2023 23:54:$S: poll code=7
16421:14.12.2023 23:54:$S: recvmsg code=47
16421:14.12.2023 23:54:$S: recvmsg code=47
16421:14.12.2023 23:54:$S: poll code=7
16421:14.12.2023 23:54:$S: poll code=7
16421:14.12.2023 23:54:$S: recvmsg code=47
16421:14.12.2023 23:54:$S: recvmsg code=47
16421:14.12.2023 23:54:$S: poll code=7
16421:14.12.2023 23:54:$S: poll code=7
16421:14.12.2023 23:54:$S: read code=0
16421:14.12.2023 23:54:$S: read code=0
16421:14.12.2023 23:54:$S: write code=1
16421:14.12.2023 23:54:$S: write code=1
16421:14.12.2023 23:54:$S: recvmsg code=47
16421:14.12.2023 23:54:$S: recvmsg code=47
16421:14.12.2023 23:54:$S: poll code=7
16421:14.12.2023 23:54:$S: poll code=7
16421:14.12.2023 23:54:$S: recvmsg code=47
16421:14.12.2023 23:54:$S: recvmsg code=47
16421:14.12.2023 23:54:$S: poll code=7
16421:14.12.2023 23:54:$S: poll code=7
16421:14.12.2023 23:54:$S: read code=0
16421:14.12.2023 23:54:$S: read code=0
16421:14.12.2023 23:54:$S: write code=1
16421:14.12.2023 23:54:$S: write code=1
16421:14.12.2023 23:54:$S: recvmsg code=47
16421:14.12.2023 23:54:$S: recvmsg code=47
16421:14.12.2023 23:54:$S: poll code=7
16421:14.12.2023 23:54:$S: poll code=7
16421:14.12.2023 23:54:$S: recvmsg code=47
16421:14.12.2023 23:54:$S: recvmsg code=47
16421:14.12.2023 23:54:$S: poll code=7
16421:14.12.2023 23:54:$S: poll code=7
16421:14.12.2023 23:54:$S: read code=0
16421:14.12.2023 23:54:$S: read code=0
16421:14.12.2023 23:54:$S: write code=1
16421:14.12.2023 23:54:$S: write code=1
16421:14.12.2023 23:54:$S: recvmsg code=47
16421:14.12.2023 23:54:$S: recvmsg code=47
16421:14.12.2023 23:54:$S: poll code=7
16421:14.12.2023 23:54:$S: poll code=7
16421:14.12.2023 23:54:$S: recvmsg code=47
16421:14.12.2023 23:54:$S: recvmsg code=47
16421:14.12.2023 23:54:$S: poll code=7
16421:14.12.2023 23:54:$S: poll code=7
16421:14.12.2023 23:54:$S: madvise code=28
16421:14.12.2023 23:54:$S: madvise code=28
16421:14.12.2023 23:54:$S: madvise code=28
16421:14.12.2023 23:54:$S: madvise code=28
16421:14.12.2023 23:54:$S: madvise code=28
16421:14.12.2023 23:54:$S: madvise code=28
16421:14.12.2023 23:54:$S: madvise code=28
16421:14.12.2023 23:54:$S: madvise code=28
16421:14.12.2023 23:54:$S: madvise code=28
16421:14.12.2023 23:54:$S: madvise code=28
16421:14.12.2023 23:54:$S: madvise code=28
16421:14.12.2023 23:54:$S: madvise code=28
16421:14.12.2023 23:54:$S: madvise code=28
16421:14.12.2023 23:54:$S: madvise code=28
16421:14.12.2023 23:54:$S: madvise code=28
16421:14.12.2023 23:54:$S: madvise code=28
16421:14.12.2023 23:54:$S: madvise code=28
16421:14.12.2023 23:54:$S: madvise code=28
16421:14.12.2023 23:54:$S: madvise code=28
16421:14.12.2023 23:54:$S: madvise code=28
16421:14.12.2023 23:54:$S: madvise code=28
16421:14.12.2023 23:54:$S: madvise code=28
16421:14.12.2023 23:54:$S: madvise code=28
16421:14.12.2023 23:54:$S: madvise code=28
16421:14.12.2023 23:54:$S: madvise code=28
16421:14.12.2023 23:54:$S: madvise code=28
16421:14.12.2023 23:54:$S: madvise code=28
16421:14.12.2023 23:54:$S: madvise code=28
16421:14.12.2023 23:54:$S: madvise code=28
16421:14.12.2023 23:54:$S: madvise code=28
16421:14.12.2023 23:54:$S: recvmsg code=47
16421:14.12.2023 23:54:$S: recvmsg code=47
16421:14.12.2023 23:54:$S: poll code=7
16421:14.12.2023 23:54:$S: poll code=7
16421:14.12.2023 23:54:$S: recvmsg code=47
16421:14.12.2023 23:54:$S: recvmsg code=47
16421:14.12.2023 23:54:$S: poll code=7
16421:14.12.2023 23:54:$S: poll code=7
16421:14.12.2023 23:54:$S: read code=0
16421:14.12.2023 23:54:$S: read code=0
16421:14.12.2023 23:54:$S: write code=1
16421:14.12.2023 23:54:$S: write code=1
16421:14.12.2023 23:54:$S: recvmsg code=47
16421:14.12.2023 23:54:$S: recvmsg code=47
16421:14.12.2023 23:54:$S: poll code=7
16421:14.12.2023 23:54:$S: poll code=7
16421:14.12.2023 23:54:$S: recvmsg code=47
16421:14.12.2023 23:54:$S: recvmsg code=47
16421:14.12.2023 23:54:$S: poll code=7
16421:14.12.2023 23:54:$S: poll code=7
16421:14.12.2023 23:54:$S: read code=0
16421:14.12.2023 23:54:$S: read code=0
16421:14.12.2023 23:54:$S: write code=1
16421:14.12.2023 23:54:$S: write code=1
16421:14.12.2023 23:54:$S: recvmsg code=47
16421:14.12.2023 23:54:$S: recvmsg code=47
16421:14.12.2023 23:54:$S: poll code=7
16421:14.12.2023 23:54:$S: poll code=7
16421:14.12.2023 23:54:$S: recvmsg code=47
16421:14.12.2023 23:54:$S: recvmsg code=47
16421:14.12.2023 23:54:$S: poll code=7
16421:14.12.2023 23:54:$S: poll code=7
16421:14.12.2023 23:54:$S: read code=0
16421:14.12.2023 23:54:$S: read code=0
16421:14.12.2023 23:54:$S: write code=1
16421:14.12.2023 23:54:$S: write code=1
16421:14.12.2023 23:54:$S: recvmsg code=47
16421:14.12.2023 23:54:$S: recvmsg code=47
16421:14.12.2023 23:54:$S: poll code=7
16421:14.12.2023 23:54:$S: poll code=7
16421:14.12.2023 23:54:$S: recvmsg code=47
16421:14.12.2023 23:54:$S: recvmsg code=47
16421:14.12.2023 23:54:$S: poll code=7
16421:14.12.2023 23:55:$S: poll code=7
16421:14.12.2023 23:55:$S: read code=0
16421:14.12.2023 23:55:$S: read code=0
16421:14.12.2023 23:55:$S: write code=1
16421:14.12.2023 23:55:$S: write code=1
16421:14.12.2023 23:55:$S: recvmsg code=47
16421:14.12.2023 23:55:$S: recvmsg code=47
16421:14.12.2023 23:55:$S: poll code=7
16421:14.12.2023 23:55:$S: poll code=7
16421:14.12.2023 23:55:$S: recvmsg code=47
16421:14.12.2023 23:55:$S: recvmsg code=47
16421:14.12.2023 23:55:$S: poll code=7
16421:14.12.2023 23:55:$S: poll code=7
16421:14.12.2023 23:55:$S: read code=0
16421:14.12.2023 23:55:$S: read code=0
16421:14.12.2023 23:55:$S: write code=1
16421:14.12.2023 23:55:$S: write code=1
16421:14.12.2023 23:55:$S: recvmsg code=47
16421:14.12.2023 23:55:$S: recvmsg code=47
16421:14.12.2023 23:55:$S: poll code=7
16421:14.12.2023 23:55:$S: poll code=7
16421:14.12.2023 23:55:$S: recvmsg code=47
16421:14.12.2023 23:55:$S: recvmsg code=47
16421:14.12.2023 23:55:$S: poll code=7
16421:14.12.2023 23:55:$S: poll code=7
16421:14.12.2023 23:55:$S: read code=0
16421:14.12.2023 23:55:$S: read code=0
16421:14.12.2023 23:55:$S: write code=1
16421:14.12.2023 23:55:$S: write code=1
16421:14.12.2023 23:55:$S: recvmsg code=47
16421:14.12.2023 23:55:$S: recvmsg code=47
16421:14.12.2023 23:55:$S: poll code=7
16421:14.12.2023 23:55:$S: poll code=7
16421:14.12.2023 23:55:$S: recvmsg code=47
16421:14.12.2023 23:55:$S: recvmsg code=47
16421:14.12.2023 23:55:$S: poll code=7
16421:14.12.2023 23:55:$S: poll code=7
16421:14.12.2023 23:55:$S: read code=0
16421:14.12.2023 23:55:$S: read code=0
16421:14.12.2023 23:55:$S: write code=1
16421:14.12.2023 23:55:$S: write code=1
16421:14.12.2023 23:55:$S: recvmsg code=47
16421:14.12.2023 23:55:$S: recvmsg code=47
16421:14.12.2023 23:55:$S: poll code=7
16421:14.12.2023 23:55:$S: poll code=7
16421:14.12.2023 23:55:$S: recvmsg code=47
16421:14.12.2023 23:55:$S: recvmsg code=47
16421:14.12.2023 23:55:$S: poll code=7
16421:14.12.2023 23:55:$S: poll code=7
16421:14.12.2023 23:55:$S: read code=0
16421:14.12.2023 23:55:$S: read code=0
16421:14.12.2023 23:55:$S: write code=1
16421:14.12.2023 23:55:$S: write code=1
16421:14.12.2023 23:55:$S: recvmsg code=47
16421:14.12.2023 23:55:$S: recvmsg code=47
16421:14.12.2023 23:55:$S: poll code=7
16421:14.12.2023 23:55:$S: poll code=7
16421:14.12.2023 23:55:$S: recvmsg code=47
16421:14.12.2023 23:55:$S: recvmsg code=47
16421:14.12.2023 23:55:$S: poll code=7
16421:14.12.2023 23:55:$S: poll code=7
16421:14.12.2023 23:55:$S: read code=0
16421:14.12.2023 23:55:$S: read code=0
16421:14.12.2023 23:55:$S: write code=1
16421:14.12.2023 23:55:$S: write code=1
16421:14.12.2023 23:55:$S: recvmsg code=47
16421:14.12.2023 23:55:$S: recvmsg code=47
16421:14.12.2023 23:55:$S: poll code=7
16421:14.12.2023 23:55:$S: poll code=7
16421:14.12.2023 23:55:$S: recvmsg code=47
16421:14.12.2023 23:55:$S: recvmsg code=47
16421:14.12.2023 23:55:$S: poll code=7
16421:14.12.2023 23:55:$S: poll code=7
16421:14.12.2023 23:55:$S: read code=0
16421:14.12.2023 23:55:$S: read code=0
16421:14.12.2023 23:55:$S: write code=1
16421:14.12.2023 23:55:$S: write code=1
16421:14.12.2023 23:55:$S: recvmsg code=47
16421:14.12.2023 23:55:$S: recvmsg code=47
16421:14.12.2023 23:55:$S: poll code=7
16421:14.12.2023 23:55:$S: poll code=7
16421:14.12.2023 23:55:$S: recvmsg code=47
16421:14.12.2023 23:55:$S: recvmsg code=47
16421:14.12.2023 23:55:$S: poll code=7
16421:14.12.2023 23:55:$S: poll code=7
16421:14.12.2023 23:55:$S: madvise code=28
16421:14.12.2023 23:55:$S: madvise code=28
16421:14.12.2023 23:55:$S: madvise code=28
16421:14.12.2023 23:55:$S: madvise code=28
16421:14.12.2023 23:55:$S: madvise code=28
16421:14.12.2023 23:55:$S: madvise code=28
16421:14.12.2023 23:55:$S: madvise code=28
16421:14.12.2023 23:55:$S: madvise code=28
16421:14.12.2023 23:55:$S: madvise code=28
16421:14.12.2023 23:55:$S: madvise code=28
16421:14.12.2023 23:55:$S: madvise code=28
16421:14.12.2023 23:55:$S: madvise code=28
16421:14.12.2023 23:55:$S: madvise code=28
16421:14.12.2023 23:55:$S: madvise code=28
16421:14.12.2023 23:55:$S: madvise code=28
16421:14.12.2023 23:55:$S: madvise code=28
16421:14.12.2023 23:55:$S: madvise code=28
16421:14.12.2023 23:55:$S: madvise code=28
16421:14.12.2023 23:55:$S: madvise code=28
16421:14.12.2023 23:55:$S: madvise code=28
16421:14.12.2023 23:55:$S: madvise code=28
16421:14.12.2023 23:55:$S: madvise code=28
16421:14.12.2023 23:55:$S: madvise code=28
16421:14.12.2023 23:55:$S: madvise code=28
16421:14.12.2023 23:55:$S: madvise code=28
16421:14.12.2023 23:55:$S: madvise code=28
16421:14.12.2023 23:55:$S: madvise code=28
16421:14.12.2023 23:55:$S: madvise code=28
16421:14.12.2023 23:55:$S: madvise code=28
16421:14.12.2023 23:55:$S: madvise code=28
16421:14.12.2023 23:55:$S: recvmsg code=47
16421:14.12.2023 23:55:$S: recvmsg code=47
16421:14.12.2023 23:55:$S: poll code=7
16421:14.12.2023 23:55:$S: poll code=7
16421:14.12.2023 23:55:$S: recvmsg code=47
16421:14.12.2023 23:55:$S: recvmsg code=47
16421:14.12.2023 23:55:$S: poll code=7
16421:14.12.2023 23:55:$S: poll code=7
16421:14.12.2023 23:55:$S: read code=0
16421:14.12.2023 23:55:$S: read code=0
16421:14.12.2023 23:55:$S: write code=1
16421:14.12.2023 23:55:$S: write code=1
16421:14.12.2023 23:55:$S: recvmsg code=47
16421:14.12.2023 23:55:$S: recvmsg code=47
16421:14.12.2023 23:55:$S: poll code=7
16421:14.12.2023 23:55:$S: poll code=7
16421:14.12.2023 23:55:$S: recvmsg code=47
16421:14.12.2023 23:55:$S: recvmsg code=47
16421:14.12.2023 23:55:$S: poll code=7
16421:14.12.2023 23:55:$S: poll code=7
16421:14.12.2023 23:55:$S: recvmsg code=47
16421:14.12.2023 23:55:$S: recvmsg code=47
16421:14.12.2023 23:55:$S: poll code=7
16421:14.12.2023 23:55:$S: poll code=7
16421:14.12.2023 23:55:$S: recvmsg code=47
16421:14.12.2023 23:55:$S: recvmsg code=47
16421:14.12.2023 23:55:$S: poll code=7
16421:14.12.2023 23:55:$S: poll code=7
16421:14.12.2023 23:55:$S: read code=0
16421:14.12.2023 23:55:$S: read code=0
16421:14.12.2023 23:55:$S: write code=1
16421:14.12.2023 23:55:$S: write code=1
16421:14.12.2023 23:55:$S: recvmsg code=47
16421:14.12.2023 23:55:$S: recvmsg code=47
16421:14.12.2023 23:55:$S: poll code=7
16421:14.12.2023 23:55:$S: poll code=7
16421:14.12.2023 23:55:$S: recvmsg code=47
16421:14.12.2023 23:55:$S: recvmsg code=47
16421:14.12.2023 23:55:$S: poll code=7
16421:14.12.2023 23:55:$S: poll code=7
16421:14.12.2023 23:55:$S: read code=0
16421:14.12.2023 23:55:$S: read code=0
16421:14.12.2023 23:55:$S: write code=1
16421:14.12.2023 23:55:$S: write code=1
16421:14.12.2023 23:55:$S: recvmsg code=47
16421:14.12.2023 23:55:$S: recvmsg code=47
16421:14.12.2023 23:55:$S: poll code=7
16421:14.12.2023 23:55:$S: poll code=7
16421:14.12.2023 23:55:$S: recvmsg code=47
16421:14.12.2023 23:55:$S: recvmsg code=47
16421:14.12.2023 23:55:$S: poll code=7
16421:14.12.2023 23:55:$S: poll code=7
16421:14.12.2023 23:55:$S: read code=0
16421:14.12.2023 23:55:$S: read code=0
16421:14.12.2023 23:55:$S: write code=1
16421:14.12.2023 23:55:$S: write code=1
16421:14.12.2023 23:55:$S: recvmsg code=47
16421:14.12.2023 23:55:$S: recvmsg code=47
16421:14.12.2023 23:55:$S: poll code=7
16421:14.12.2023 23:55:$S: poll code=7
16421:14.12.2023 23:55:$S: recvmsg code=47
16421:14.12.2023 23:55:$S: recvmsg code=47
16421:14.12.2023 23:55:$S: poll code=7
16421:14.12.2023 23:55:$S: poll code=7
16421:14.12.2023 23:55:$S: madvise code=28
16421:14.12.2023 23:55:$S: madvise code=28
16421:14.12.2023 23:55:$S: madvise code=28
16421:14.12.2023 23:55:$S: madvise code=28
16421:14.12.2023 23:55:$S: madvise code=28
16421:14.12.2023 23:55:$S: madvise code=28
16421:14.12.2023 23:55:$S: madvise code=28
16421:14.12.2023 23:55:$S: madvise code=28
16421:14.12.2023 23:55:$S: madvise code=28
16421:14.12.2023 23:55:$S: madvise code=28
16421:14.12.2023 23:55:$S: madvise code=28
16421:14.12.2023 23:55:$S: madvise code=28
16421:14.12.2023 23:55:$S: madvise code=28
16421:14.12.2023 23:55:$S: madvise code=28
16421:14.12.2023 23:55:$S: madvise code=28
16421:14.12.2023 23:55:$S: madvise code=28
16421:14.12.2023 23:55:$S: madvise code=28
16421:14.12.2023 23:55:$S: madvise code=28
16421:14.12.2023 23:55:$S: madvise code=28
16421:14.12.2023 23:55:$S: madvise code=28
16421:14.12.2023 23:55:$S: madvise code=28
16421:14.12.2023 23:55:$S: madvise code=28
16421:14.12.2023 23:55:$S: madvise code=28
16421:14.12.2023 23:55:$S: madvise code=28
16421:14.12.2023 23:55:$S: madvise code=28
16421:14.12.2023 23:55:$S: madvise code=28
16421:14.12.2023 23:55:$S: madvise code=28
16421:14.12.2023 23:55:$S: madvise code=28
16421:14.12.2023 23:55:$S: madvise code=28
16421:14.12.2023 23:55:$S: madvise code=28
16421:14.12.2023 23:55:$S: recvmsg code=47
16421:14.12.2023 23:55:$S: recvmsg code=47
16421:14.12.2023 23:55:$S: poll code=7
16421:14.12.2023 23:55:$S: poll code=7
16421:14.12.2023 23:55:$S: recvmsg code=47
16421:14.12.2023 23:55:$S: recvmsg code=47
16421:14.12.2023 23:55:$S: poll code=7
16421:14.12.2023 23:55:$S: poll code=7
16421:14.12.2023 23:55:$S: read code=0
16421:14.12.2023 23:55:$S: read code=0
16421:14.12.2023 23:55:$S: write code=1
16421:14.12.2023 23:55:$S: write code=1
16421:14.12.2023 23:55:$S: recvmsg code=47
16421:14.12.2023 23:55:$S: recvmsg code=47
16421:14.12.2023 23:55:$S: poll code=7
16421:14.12.2023 23:55:$S: poll code=7
16421:14.12.2023 23:55:$S: recvmsg code=47
16421:14.12.2023 23:55:$S: recvmsg code=47
16421:14.12.2023 23:55:$S: poll code=7
16421:14.12.2023 23:55:$S: poll code=7
16421:14.12.2023 23:55:$S: read code=0
16421:14.12.2023 23:55:$S: read code=0
16421:14.12.2023 23:55:$S: write code=1
16421:14.12.2023 23:55:$S: write code=1
16421:14.12.2023 23:55:$S: recvmsg code=47
16421:14.12.2023 23:55:$S: recvmsg code=47
16421:14.12.2023 23:55:$S: poll code=7
16421:14.12.2023 23:55:$S: poll code=7
16421:14.12.2023 23:55:$S: read code=0
16421:14.12.2023 23:55:$S: read code=0
16421:14.12.2023 23:55:$S: write code=1
16421:14.12.2023 23:55:$S: write code=1
16421:14.12.2023 23:55:$S: recvmsg code=47
16421:14.12.2023 23:55:$S: recvmsg code=47
16421:14.12.2023 23:55:$S: poll code=7
16421:14.12.2023 23:55:$S: poll code=7
16421:14.12.2023 23:55:$S: recvmsg code=47
16421:14.12.2023 23:55:$S: recvmsg code=47
16421:14.12.2023 23:55:$S: poll code=7
16421:14.12.2023 23:55:$S: poll code=7
16421:14.12.2023 23:55:$S: read code=0
16421:14.12.2023 23:55:$S: read code=0
16421:14.12.2023 23:55:$S: write code=1
16421:14.12.2023 23:55:$S: write code=1
16421:14.12.2023 23:55:$S: recvmsg code=47
16421:14.12.2023 23:55:$S: recvmsg code=47
16421:14.12.2023 23:55:$S: poll code=7
16421:14.12.2023 23:55:$S: poll code=7
16421:14.12.2023 23:55:$S: recvmsg code=47
16421:14.12.2023 23:55:$S: recvmsg code=47
16421:14.12.2023 23:55:$S: poll code=7
16421:14.12.2023 23:55:$S: poll code=7
16421:14.12.2023 23:55:$S: read code=0
16421:14.12.2023 23:55:$S: read code=0
16421:14.12.2023 23:55:$S: write code=1
16421:14.12.2023 23:55:$S: write code=1
16421:14.12.2023 23:55:$S: write code=1
16421:14.12.2023 23:55:$S: write code=1
16421:14.12.2023 23:55:$S: recvmsg code=47
16421:14.12.2023 23:55:$S: recvmsg code=47
16421:14.12.2023 23:55:$S: poll code=7
16421:14.12.2023 23:55:$S: poll code=7
16421:14.12.2023 23:55:$S: recvmsg code=47
16421:14.12.2023 23:55:$S: recvmsg code=47
16421:14.12.2023 23:55:$S: poll code=7
16421:14.12.2023 23:55:$S: poll code=7
16421:14.12.2023 23:55:$S: read code=0
16421:14.12.2023 23:55:$S: read code=0
16421:14.12.2023 23:55:$S: write code=1
16421:14.12.2023 23:55:$S: write code=1
16421:14.12.2023 23:55:$S: recvmsg code=47
16421:14.12.2023 23:55:$S: recvmsg code=47
16421:14.12.2023 23:55:$S: poll code=7
16421:14.12.2023 23:55:$S: poll code=7
16421:14.12.2023 23:55:$S: recvmsg code=47
16421:14.12.2023 23:55:$S: recvmsg code=47
16421:14.12.2023 23:55:$S: poll code=7
16421:14.12.2023 23:55:$S: poll code=7
16421:14.12.2023 23:55:$S: read code=0
16421:14.12.2023 23:55:$S: read code=0
16421:14.12.2023 23:55:$S: write code=1
16421:14.12.2023 23:55:$S: write code=1
16421:14.12.2023 23:55:$S: recvmsg code=47
16421:14.12.2023 23:55:$S: recvmsg code=47
16421:14.12.2023 23:55:$S: poll code=7
16421:14.12.2023 23:55:$S: poll code=7
16421:14.12.2023 23:55:$S: recvmsg code=47
16421:14.12.2023 23:55:$S: recvmsg code=47
16421:14.12.2023 23:55:$S: poll code=7
16421:14.12.2023 23:55:$S: poll code=7
16421:14.12.2023 23:55:$S: read code=0
16421:14.12.2023 23:55:$S: read code=0
16421:14.12.2023 23:55:$S: write code=1
16421:14.12.2023 23:55:$S: write code=1
16421:14.12.2023 23:55:$S: recvmsg code=47
16421:14.12.2023 23:55:$S: recvmsg code=47
16421:14.12.2023 23:55:$S: poll code=7
16421:14.12.2023 23:55:$S: poll code=7
16421:14.12.2023 23:55:$S: recvmsg code=47
16421:14.12.2023 23:55:$S: recvmsg code=47
16421:14.12.2023 23:55:$S: poll code=7
16421:14.12.2023 23:55:$S: poll code=7
16421:14.12.2023 23:55:$S: read code=0
16421:14.12.2023 23:55:$S: read code=0
16421:14.12.2023 23:55:$S: write code=1
16421:14.12.2023 23:55:$S: write code=1
16421:14.12.2023 23:55:$S: recvmsg code=47
16421:14.12.2023 23:55:$S: recvmsg code=47
16421:14.12.2023 23:55:$S: poll code=7
16421:14.12.2023 23:55:$S: poll code=7
16421:14.12.2023 23:55:$S: recvmsg code=47
16421:14.12.2023 23:55:$S: recvmsg code=47
16421:14.12.2023 23:55:$S: poll code=7
16421:14.12.2023 23:55:$S: poll code=7
16421:14.12.2023 23:55:$S: madvise code=28
16421:14.12.2023 23:55:$S: madvise code=28
16421:14.12.2023 23:55:$S: madvise code=28
16421:14.12.2023 23:55:$S: madvise code=28
16421:14.12.2023 23:55:$S: madvise code=28
16421:14.12.2023 23:55:$S: madvise code=28
16421:14.12.2023 23:55:$S: madvise code=28
16421:14.12.2023 23:55:$S: madvise code=28
16421:14.12.2023 23:55:$S: madvise code=28
16421:14.12.2023 23:55:$S: madvise code=28
16421:14.12.2023 23:55:$S: madvise code=28
16421:14.12.2023 23:55:$S: madvise code=28
16421:14.12.2023 23:55:$S: madvise code=28
16421:14.12.2023 23:55:$S: madvise code=28
16421:14.12.2023 23:55:$S: madvise code=28
16421:14.12.2023 23:55:$S: madvise code=28
16421:14.12.2023 23:55:$S: madvise code=28
16421:14.12.2023 23:55:$S: madvise code=28
16421:14.12.2023 23:55:$S: madvise code=28
16421:14.12.2023 23:55:$S: madvise code=28
16421:14.12.2023 23:55:$S: madvise code=28
16421:14.12.2023 23:55:$S: madvise code=28
16421:14.12.2023 23:55:$S: madvise code=28
16421:14.12.2023 23:55:$S: madvise code=28
16421:14.12.2023 23:55:$S: madvise code=28
16421:14.12.2023 23:55:$S: madvise code=28
16421:14.12.2023 23:55:$S: madvise code=28
16421:14.12.2023 23:55:$S: madvise code=28
16421:14.12.2023 23:55:$S: madvise code=28
16421:14.12.2023 23:55:$S: madvise code=28
16421:14.12.2023 23:55:$S: recvmsg code=47
16421:14.12.2023 23:55:$S: recvmsg code=47
16421:14.12.2023 23:55:$S: poll code=7
16421:14.12.2023 23:55:$S: poll code=7
16421:14.12.2023 23:55:$S: recvmsg code=47
16421:14.12.2023 23:55:$S: recvmsg code=47
16421:14.12.2023 23:55:$S: poll code=7
16421:14.12.2023 23:55:$S: poll code=7
16421:14.12.2023 23:55:$S: read code=0
16421:14.12.2023 23:55:$S: read code=0
16421:14.12.2023 23:55:$S: write code=1
16421:14.12.2023 23:55:$S: write code=1
16421:14.12.2023 23:55:$S: recvmsg code=47
16421:14.12.2023 23:55:$S: recvmsg code=47
16421:14.12.2023 23:55:$S: poll code=7
16421:14.12.2023 23:55:$S: poll code=7
16421:14.12.2023 23:55:$S: recvmsg code=47
16421:14.12.2023 23:55:$S: recvmsg code=47
16421:14.12.2023 23:55:$S: poll code=7
16421:14.12.2023 23:55:$S: poll code=7
16421:14.12.2023 23:55:$S: read code=0
16421:14.12.2023 23:55:$S: read code=0
16421:14.12.2023 23:55:$S: write code=1
16421:14.12.2023 23:55:$S: write code=1
16421:14.12.2023 23:55:$S: recvmsg code=47
16421:14.12.2023 23:55:$S: recvmsg code=47
16421:14.12.2023 23:55:$S: recvmsg code=47
16421:14.12.2023 23:55:$S: recvmsg code=47
16421:14.12.2023 23:55:$S: poll code=7
16421:14.12.2023 23:55:$S: poll code=7
16421:14.12.2023 23:55:$S: recvmsg code=47
16421:14.12.2023 23:55:$S: recvmsg code=47
16421:14.12.2023 23:55:$S: poll code=7
16421:14.12.2023 23:55:$S: poll code=7
16421:14.12.2023 23:55:$S: recvmsg code=47
16421:14.12.2023 23:55:$S: recvmsg code=47
16421:14.12.2023 23:55:$S: poll code=7
16421:15.12.2023 00:00:$S: ptrace is afixed
16421:15.12.2023 00:00:$S: ptrace set options
16421:15.12.2023 00:00:$S: restart_syscall code=219
16421:15.12.2023 00:00:$S: restart_syscall code=219
16421:15.12.2023 00:00:$S: recvmsg code=47
16421:15.12.2023 00:00:$S: recvmsg code=47
16421:15.12.2023 00:00:$S: poll code=7
16421:15.12.2023 00:00:$S: poll code=7
16421:15.12.2023 00:00:$S: recvmsg code=47
16421:15.12.2023 00:00:$S: recvmsg code=47
16421:15.12.2023 00:00:$S: poll code=7
16421:15.12.2023 00:00:$S: poll code=7
16421:15.12.2023 00:00:$S: madvise code=28
16421:15.12.2023 00:00:$S: madvise code=28
16421:15.12.2023 00:00:$S: madvise code=28
16421:15.12.2023 00:00:$S: madvise code=28
16421:15.12.2023 00:00:$S: madvise code=28
16421:15.12.2023 00:00:$S: madvise code=28
16421:15.12.2023 00:00:$S: madvise code=28
16421:15.12.2023 00:00:$S: madvise code=28
16421:15.12.2023 00:00:$S: madvise code=28
16421:15.12.2023 00:00:$S: madvise code=28
16421:15.12.2023 00:00:$S: madvise code=28
16421:15.12.2023 00:00:$S: madvise code=28
16421:15.12.2023 00:00:$S: madvise code=28
16421:15.12.2023 00:00:$S: madvise code=28
16421:15.12.2023 00:00:$S: madvise code=28
16421:15.12.2023 00:00:$S: madvise code=28
16421:15.12.2023 00:00:$S: madvise code=28
16421:15.12.2023 00:00:$S: madvise code=28
16421:15.12.2023 00:00:$S: madvise code=28
16421:15.12.2023 00:00:$S: madvise code=28
16421:15.12.2023 00:00:$S: madvise code=28
16421:15.12.2023 00:00:$S: madvise code=28
16421:15.12.2023 00:00:$S: madvise code=28
16421:15.12.2023 00:00:$S: madvise code=28
16421:15.12.2023 00:00:$S: madvise code=28
16421:15.12.2023 00:00:$S: madvise code=28
16421:15.12.2023 00:00:$S: madvise code=28
16421:15.12.2023 00:00:$S: madvise code=28
16421:15.12.2023 00:00:$S: madvise code=28
16421:15.12.2023 00:00:$S: madvise code=28
16421:15.12.2023 00:00:$S: recvmsg code=47
16421:15.12.2023 00:00:$S: recvmsg code=47
16421:15.12.2023 00:00:$S: poll code=7
16421:15.12.2023 00:00:$S: poll code=7
16421:15.12.2023 00:00:$S: recvmsg code=47
16421:15.12.2023 00:00:$S: recvmsg code=47
16421:15.12.2023 00:00:$S: poll code=7
16421:15.12.2023 00:00:$S: poll code=7
16421:15.12.2023 00:00:$S: read code=0
16421:15.12.2023 00:00:$S: read code=0
16421:15.12.2023 00:00:$S: write code=1
16421:15.12.2023 00:00:$S: write code=1
16421:15.12.2023 00:00:$S: recvmsg code=47
16421:15.12.2023 00:00:$S: recvmsg code=47
16421:15.12.2023 00:00:$S: poll code=7
16421:15.12.2023 00:00:$S: poll code=7
16421:15.12.2023 00:00:$S: recvmsg code=47
16421:15.12.2023 00:00:$S: recvmsg code=47
16421:15.12.2023 00:00:$S: poll code=7
16421:15.12.2023 00:00:$S: poll code=7
16421:15.12.2023 00:00:$S: read code=0
16421:15.12.2023 00:00:$S: read code=0
16421:15.12.2023 00:00:$S: write code=1
16421:15.12.2023 00:00:$S: write code=1
16421:15.12.2023 00:00:$S: recvmsg code=47
16421:15.12.2023 00:00:$S: recvmsg code=47
16421:15.12.2023 00:00:$S: poll code=7
16421:15.12.2023 00:00:$S: poll code=7
16421:15.12.2023 00:00:$S: recvmsg code=47
16421:15.12.2023 00:00:$S: recvmsg code=47
16421:15.12.2023 00:00:$S: poll code=7
16421:15.12.2023 00:00:$S: poll code=7
16421:15.12.2023 00:00:$S: read code=0
16421:15.12.2023 00:00:$S: read code=0
16421:15.12.2023 00:00:$S: write code=1
16421:15.12.2023 00:00:$S: write code=1
16421:15.12.2023 00:00:$S: recvmsg code=47
16421:15.12.2023 00:00:$S: recvmsg code=47
16421:15.12.2023 00:00:$S: poll code=7
16421:15.12.2023 00:00:$S: poll code=7
16421:15.12.2023 00:00:$S: recvmsg code=47
16421:15.12.2023 00:00:$S: recvmsg code=47
16421:15.12.2023 00:00:$S: poll code=7
16421:15.12.2023 00:00:$S: poll code=7
16421:15.12.2023 00:00:$S: read code=0
16421:15.12.2023 00:00:$S: read code=0
16421:15.12.2023 00:00:$S: write code=1
16421:15.12.2023 00:00:$S: write code=1
16421:15.12.2023 00:00:$S: recvmsg code=47
16421:15.12.2023 00:00:$S: recvmsg code=47
16421:15.12.2023 00:00:$S: poll code=7
16421:15.12.2023 00:00:$S: poll code=7
16421:15.12.2023 00:00:$S: recvmsg code=47
16421:15.12.2023 00:00:$S: recvmsg code=47
16421:15.12.2023 00:00:$S: poll code=7
16421:15.12.2023 00:00:$S: poll code=7
16421:15.12.2023 00:00:$S: read code=0
16421:15.12.2023 00:00:$S: read code=0
16421:15.12.2023 00:00:$S: write code=1
16421:15.12.2023 00:00:$S: write code=1
16421:15.12.2023 00:00:$S: recvmsg code=47
16421:15.12.2023 00:00:$S: recvmsg code=47
16421:15.12.2023 00:00:$S: poll code=7
16421:15.12.2023 00:00:$S: poll code=7
16421:15.12.2023 00:00:$S: recvmsg code=47
16421:15.12.2023 00:00:$S: recvmsg code=47
16421:15.12.2023 00:00:$S: poll code=7
16421:15.12.2023 00:00:$S: poll code=7
16421:15.12.2023 00:00:$S: recvmsg code=47
16421:15.12.2023 00:00:$S: recvmsg code=47
16421:15.12.2023 00:00:$S: recvmsg code=47
16421:15.12.2023 00:00:$S: recvmsg code=47
16421:15.12.2023 00:00:$S: poll code=7
16421:15.12.2023 00:00:$S: poll code=7
16421:15.12.2023 00:00:$S: recvmsg code=47
16421:15.12.2023 00:00:$S: recvmsg code=47
16421:15.12.2023 00:00:$S: poll code=7
16421:15.12.2023 00:00:$S: poll code=7
16421:15.12.2023 00:00:$S: recvmsg code=47
16421:15.12.2023 00:00:$S: recvmsg code=47
16421:15.12.2023 00:00:$S: poll code=7
16421:15.12.2023 00:00:$S: poll code=7
16421:15.12.2023 00:00:$S: recvmsg code=47
16421:15.12.2023 00:00:$S: recvmsg code=47
16421:15.12.2023 00:00:$S: recvmsg code=47
16421:15.12.2023 00:00:$S: recvmsg code=47
16421:15.12.2023 00:00:$S: poll code=7
16421:15.12.2023 00:00:$S: poll code=7
16421:15.12.2023 00:00:$S: recvmsg code=47
16421:15.12.2023 00:00:$S: recvmsg code=47
16421:15.12.2023 00:00:$S: poll code=7
16421:15.12.2023 00:00:$S: poll code=7
16421:15.12.2023 00:00:$S: recvmsg code=47
16421:15.12.2023 00:00:$S: recvmsg code=47
16421:15.12.2023 00:00:$S: poll code=7
16421:15.12.2023 00:00:$S: poll code=7
16421:15.12.2023 00:00:$S: read code=0
16421:15.12.2023 00:00:$S: read code=0
16421:15.12.2023 00:00:$S: write code=1
16421:15.12.2023 00:00:$S: write code=1
16421:15.12.2023 00:00:$S: recvmsg code=47
16421:15.12.2023 00:00:$S: recvmsg code=47
16421:15.12.2023 00:00:$S: poll code=7
16421:15.12.2023 00:00:$S: poll code=7
16421:15.12.2023 00:00:$S: recvmsg code=47
16421:15.12.2023 00:00:$S: recvmsg code=47
16421:15.12.2023 00:00:$S: poll code=7
16421:15.12.2023 00:00:$S: poll code=7
16421:15.12.2023 00:00:$S: read code=0
16421:15.12.2023 00:00:$S: read code=0
16421:15.12.2023 00:00:$S: write code=1
16421:15.12.2023 00:00:$S: write code=1
16421:15.12.2023 00:00:$S: recvmsg code=47
16421:15.12.2023 00:00:$S: recvmsg code=47
16421:15.12.2023 00:00:$S: poll code=7
16421:15.12.2023 00:00:$S: poll code=7
16421:15.12.2023 00:00:$S: recvmsg code=47
16421:15.12.2023 00:00:$S: recvmsg code=47
16421:15.12.2023 00:00:$S: poll code=7
16421:15.12.2023 00:00:$S: poll code=7
16421:15.12.2023 00:00:$S: madvise code=28
16421:15.12.2023 00:00:$S: madvise code=28
16421:15.12.2023 00:00:$S: madvise code=28
16421:15.12.2023 00:00:$S: madvise code=28
16421:15.12.2023 00:00:$S: madvise code=28
16421:15.12.2023 00:00:$S: madvise code=28
16421:15.12.2023 00:00:$S: madvise code=28
16421:15.12.2023 00:00:$S: madvise code=28
16421:15.12.2023 00:00:$S: madvise code=28
16421:15.12.2023 00:00:$S: madvise code=28
16421:15.12.2023 00:00:$S: madvise code=28
16421:15.12.2023 00:00:$S: madvise code=28
16421:15.12.2023 00:00:$S: madvise code=28
16421:15.12.2023 00:00:$S: madvise code=28
16421:15.12.2023 00:00:$S: madvise code=28
16421:15.12.2023 00:00:$S: madvise code=28
16421:15.12.2023 00:00:$S: madvise code=28
16421:15.12.2023 00:00:$S: madvise code=28
16421:15.12.2023 00:00:$S: madvise code=28
16421:15.12.2023 00:00:$S: madvise code=28
16421:15.12.2023 00:00:$S: madvise code=28
16421:15.12.2023 00:00:$S: madvise code=28
16421:15.12.2023 00:00:$S: madvise code=28
16421:15.12.2023 00:00:$S: madvise code=28
16421:15.12.2023 00:00:$S: madvise code=28
16421:15.12.2023 00:00:$S: madvise code=28
16421:15.12.2023 00:00:$S: madvise code=28
16421:15.12.2023 00:00:$S: madvise code=28
16421:15.12.2023 00:00:$S: madvise code=28
16421:15.12.2023 00:00:$S: madvise code=28
16421:15.12.2023 00:00:$S: recvmsg code=47
16421:15.12.2023 00:00:$S: recvmsg code=47
16421:15.12.2023 00:00:$S: poll code=7
16421:15.12.2023 00:00:$S: poll code=7
16421:15.12.2023 00:00:$S: recvmsg code=47
16421:15.12.2023 00:00:$S: recvmsg code=47
16421:15.12.2023 00:00:$S: poll code=7
16421:15.12.2023 00:00:$S: poll code=7
16421:15.12.2023 00:00:$S: recvmsg code=47
16421:15.12.2023 00:00:$S: recvmsg code=47
16421:15.12.2023 00:00:$S: recvmsg code=47
16421:15.12.2023 00:00:$S: recvmsg code=47
16421:15.12.2023 00:00:$S: recvmsg code=47
16421:15.12.2023 00:00:$S: recvmsg code=47
16421:15.12.2023 00:00:$S: poll code=7
16421:15.12.2023 00:00:$S: poll code=7
16421:15.12.2023 00:00:$S: recvmsg code=47
16421:15.12.2023 00:00:$S: recvmsg code=47
16421:15.12.2023 00:00:$S: poll code=7
16421:15.12.2023 03:17:$S: ptrace is afixed
16421:15.12.2023 03:17:$S: ptrace set options
16421:15.12.2023 03:17:$S: restart_syscall code=219
16421:15.12.2023 03:17:$S: restart_syscall code=219
16421:15.12.2023 03:17:$S: madvise code=28
16421:15.12.2023 03:17:$S: madvise code=28
16421:15.12.2023 03:17:$S: madvise code=28
16421:15.12.2023 03:17:$S: madvise code=28
16421:15.12.2023 03:17:$S: madvise code=28
16421:15.12.2023 03:17:$S: madvise code=28
16421:15.12.2023 03:17:$S: madvise code=28
16421:15.12.2023 03:17:$S: madvise code=28
16421:15.12.2023 03:17:$S: madvise code=28
16421:15.12.2023 03:17:$S: madvise code=28
16421:15.12.2023 03:17:$S: madvise code=28
16421:15.12.2023 03:17:$S: madvise code=28
16421:15.12.2023 03:17:$S: madvise code=28
16421:15.12.2023 03:17:$S: madvise code=28
16421:15.12.2023 03:17:$S: madvise code=28
16421:15.12.2023 03:17:$S: madvise code=28
16421:15.12.2023 03:17:$S: madvise code=28
16421:15.12.2023 03:17:$S: madvise code=28
16421:15.12.2023 03:17:$S: madvise code=28
16421:15.12.2023 03:17:$S: madvise code=28
16421:15.12.2023 03:17:$S: madvise code=28
16421:15.12.2023 03:17:$S: madvise code=28
16421:15.12.2023 03:17:$S: madvise code=28
16421:15.12.2023 03:17:$S: madvise code=28
16421:15.12.2023 03:17:$S: madvise code=28
16421:15.12.2023 03:17:$S: madvise code=28
16421:15.12.2023 03:17:$S: madvise code=28
16421:15.12.2023 03:17:$S: madvise code=28
16421:15.12.2023 03:17:$S: madvise code=28
16421:15.12.2023 03:17:$S: madvise code=28
16421:15.12.2023 03:17:$S: recvmsg code=47
16421:15.12.2023 03:17:$S: recvmsg code=47
16421:15.12.2023 03:17:$S: recvmsg code=47
16421:15.12.2023 03:17:$S: recvmsg code=47
16421:15.12.2023 03:17:$S: poll code=7
16421:15.12.2023 03:17:$S: poll code=7
16421:15.12.2023 03:17:$S: recvmsg code=47
16421:15.12.2023 03:17:$S: recvmsg code=47
16421:15.12.2023 03:17:$S: recvmsg code=47
16421:15.12.2023 03:17:$S: recvmsg code=47
16421:15.12.2023 03:17:$S: poll code=7
16421:15.12.2023 03:17:$S: poll code=7
16421:15.12.2023 03:17:$S: recvmsg code=47
16421:15.12.2023 03:17:$S: recvmsg code=47
16421:15.12.2023 03:17:$S: recvmsg code=47
16421:15.12.2023 03:17:$S: recvmsg code=47
16421:15.12.2023 03:17:$S: poll code=7
16421:15.12.2023 03:17:$S: poll code=7
16421:15.12.2023 03:17:$S: recvmsg code=47
16421:15.12.2023 03:17:$S: recvmsg code=47
16421:15.12.2023 03:17:$S: recvmsg code=47
16421:15.12.2023 03:17:$S: recvmsg code=47
16421:15.12.2023 03:17:$S: poll code=7
16421:15.12.2023 03:17:$S: poll code=7
16421:15.12.2023 03:17:$S: madvise code=28
16421:15.12.2023 03:17:$S: madvise code=28
16421:15.12.2023 03:17:$S: madvise code=28
16421:15.12.2023 03:17:$S: madvise code=28
16421:15.12.2023 03:17:$S: madvise code=28
16421:15.12.2023 03:17:$S: madvise code=28
16421:15.12.2023 03:17:$S: madvise code=28
16421:15.12.2023 03:17:$S: madvise code=28
16421:15.12.2023 03:17:$S: madvise code=28
16421:15.12.2023 03:17:$S: madvise code=28
16421:15.12.2023 03:17:$S: madvise code=28
16421:15.12.2023 03:17:$S: madvise code=28
16421:15.12.2023 03:17:$S: madvise code=28
16421:15.12.2023 03:17:$S: madvise code=28
16421:15.12.2023 03:17:$S: madvise code=28
16421:15.12.2023 03:17:$S: madvise code=28
16421:15.12.2023 03:17:$S: madvise code=28
16421:15.12.2023 03:17:$S: madvise code=28
16421:15.12.2023 03:17:$S: madvise code=28
16421:15.12.2023 03:17:$S: madvise code=28
16421:15.12.2023 03:17:$S: madvise code=28
16421:15.12.2023 03:17:$S: madvise code=28
16421:15.12.2023 03:17:$S: madvise code=28
16421:15.12.2023 03:17:$S: madvise code=28
16421:15.12.2023 03:17:$S: madvise code=28
16421:15.12.2023 03:17:$S: madvise code=28
16421:15.12.2023 03:17:$S: madvise code=28
16421:15.12.2023 03:17:$S: madvise code=28
16421:15.12.2023 03:17:$S: madvise code=28
16421:15.12.2023 03:17:$S: madvise code=28
16421:15.12.2023 03:17:$S: recvmsg code=47
16421:15.12.2023 03:17:$S: recvmsg code=47
16421:15.12.2023 03:17:$S: recvmsg code=47
16421:15.12.2023 03:17:$S: recvmsg code=47
16421:15.12.2023 03:17:$S: poll code=7
16421:15.12.2023 03:17:$S: poll code=7
16421:15.12.2023 03:17:$S: recvmsg code=47
16421:15.12.2023 03:17:$S: recvmsg code=47
16421:15.12.2023 03:17:$S: recvmsg code=47
16421:15.12.2023 03:17:$S: recvmsg code=47
16421:15.12.2023 03:17:$S: poll code=7
16421:15.12.2023 03:17:$S: poll code=7
16421:15.12.2023 03:17:$S: recvmsg code=47
16421:15.12.2023 03:17:$S: recvmsg code=47
16421:15.12.2023 03:17:$S: recvmsg code=47
16421:15.12.2023 03:17:$S: recvmsg code=47
16421:15.12.2023 03:17:$S: poll code=7
16421:15.12.2023 03:17:$S: poll code=7
16421:15.12.2023 03:17:$S: recvmsg code=47
16421:15.12.2023 03:17:$S: recvmsg code=47
16421:15.12.2023 03:17:$S: recvmsg code=47
16421:15.12.2023 03:17:$S: recvmsg code=47
16421:15.12.2023 03:17:$S: poll code=7
16421:15.12.2023 03:17:$S: poll code=7
16421:15.12.2023 03:17:$S: recvmsg code=47
16421:15.12.2023 03:17:$S: recvmsg code=47
16421:15.12.2023 03:17:$S: recvmsg code=47
16421:15.12.2023 03:17:$S: recvmsg code=47
16421:15.12.2023 03:17:$S: recvmsg code=47
16421:15.12.2023 03:17:$S: recvmsg code=47
16421:15.12.2023 03:17:$S: recvmsg code=47
16421:15.12.2023 03:17:$S: recvmsg code=47
16421:15.12.2023 03:17:$S: recvmsg code=47
16421:15.12.2023 03:17:$S: recvmsg code=47
16421:15.12.2023 03:17:$S: poll code=7
16421:15.12.2023 03:17:$S: poll code=7
16421:15.12.2023 03:17:$S: recvmsg code=47
16421:15.12.2023 03:17:$S: recvmsg code=47
16421:15.12.2023 03:17:$S: recvmsg code=47
16421:15.12.2023 03:17:$S: recvmsg code=47
16421:15.12.2023 03:17:$S: poll code=7
